<?xml version="1.0" encoding="UTF-8"?>
<testng-results ignored="0" total="2" passed="2" failed="0" skipped="0">
  <reporter-output>
  </reporter-output>
  <suite started-at="2023-01-18T16:48:06 IST" name="Suite" finished-at="2023-01-18T16:48:25 IST" duration-ms="18753">
    <groups>
    </groups>
    <test started-at="2023-01-18T16:48:06 IST" name="ChromeTest" finished-at="2023-01-18T16:48:25 IST" duration-ms="18364">
      <class name="psh.Testing">
        <test-method is-config="true" signature="beforeTest(java.lang.String)[pri:0, instance:psh.Testing@5c30a9b0]" started-at="2023-01-18T16:48:06 IST" name="beforeTest" finished-at="2023-01-18T16:48:09 IST" duration-ms="2869" status="PASS">
          <params>
            <param index="0">
              <value>
                <![CDATA[Chrome]]>
              </value>
            </param>
          </params>
          <reporter-output>
          </reporter-output>
        </test-method> <!-- beforeTest -->
        <test-method is-config="true" signature="beforeclass()[pri:0, instance:psh.Testing@5c30a9b0]" started-at="2023-01-18T16:48:09 IST" name="beforeclass" finished-at="2023-01-18T16:48:16 IST" duration-ms="6870" status="PASS">
          <reporter-output>
          </reporter-output>
        </test-method> <!-- beforeclass -->
        <test-method is-config="true" signature="beforemethod()[pri:0, instance:psh.Testing@5c30a9b0]" started-at="2023-01-18T16:48:16 IST" name="beforemethod" finished-at="2023-01-18T16:48:18 IST" duration-ms="1540" status="PASS">
          <reporter-output>
          </reporter-output>
        </test-method> <!-- beforemethod -->
        <test-method signature="test()[pri:0, instance:psh.Testing@5c30a9b0]" started-at="2023-01-18T16:48:18 IST" name="test" finished-at="2023-01-18T16:48:23 IST" duration-ms="4892" status="PASS">
          <reporter-output>
          </reporter-output>
        </test-method> <!-- test -->
        <test-method is-config="true" signature="aftermethod()[pri:0, instance:psh.Testing@5c30a9b0]" started-at="2023-01-18T16:48:23 IST" name="aftermethod" finished-at="2023-01-18T16:48:23 IST" duration-ms="172" status="PASS">
          <reporter-output>
          </reporter-output>
        </test-method> <!-- aftermethod -->
        <test-method is-config="true" signature="afterclass()[pri:0, instance:psh.Testing@5c30a9b0]" started-at="2023-01-18T16:48:23 IST" name="afterclass" finished-at="2023-01-18T16:48:23 IST" duration-ms="1" status="PASS">
          <reporter-output>
          </reporter-output>
        </test-method> <!-- afterclass -->
        <test-method is-config="true" signature="aftertest()[pri:0, instance:psh.Testing@5c30a9b0]" started-at="2023-01-18T16:48:23 IST" name="aftertest" finished-at="2023-01-18T16:48:25 IST" duration-ms="1930" status="PASS">
          <reporter-output>
          </reporter-output>
        </test-method> <!-- aftertest -->
      </class> <!-- psh.Testing -->
    </test> <!-- ChromeTest -->
    <test started-at="2023-01-18T16:48:06 IST" name="EdgeTest" finished-at="2023-01-18T16:48:25 IST" duration-ms="18753">
      <class name="psh.Testing">
        <test-method is-config="true" signature="beforeTest(java.lang.String)[pri:0, instance:psh.Testing@59fd97a8]" started-at="2023-01-18T16:48:06 IST" name="beforeTest" finished-at="2023-01-18T16:48:11 IST" duration-ms="4610" status="PASS">
          <params>
            <param index="0">
              <value>
                <![CDATA[Edge]]>
              </value>
            </param>
          </params>
          <reporter-output>
          </reporter-output>
        </test-method> <!-- beforeTest -->
        <test-method is-config="true" signature="beforeclass()[pri:0, instance:psh.Testing@59fd97a8]" started-at="2023-01-18T16:48:11 IST" name="beforeclass" finished-at="2023-01-18T16:48:18 IST" duration-ms="6971" status="PASS">
          <reporter-output>
          </reporter-output>
        </test-method> <!-- beforeclass -->
        <test-method is-config="true" signature="beforemethod()[pri:0, instance:psh.Testing@59fd97a8]" started-at="2023-01-18T16:48:18 IST" name="beforemethod" finished-at="2023-01-18T16:48:20 IST" duration-ms="2166" status="PASS">
          <reporter-output>
          </reporter-output>
        </test-method> <!-- beforemethod -->
        <test-method signature="test()[pri:0, instance:psh.Testing@59fd97a8]" started-at="2023-01-18T16:48:20 IST" name="test" finished-at="2023-01-18T16:48:24 IST" duration-ms="3979" status="PASS">
          <reporter-output>
          </reporter-output>
        </test-method> <!-- test -->
        <test-method is-config="true" signature="aftermethod()[pri:0, instance:psh.Testing@59fd97a8]" started-at="2023-01-18T16:48:24 IST" name="aftermethod" finished-at="2023-01-18T16:48:24 IST" duration-ms="273" status="PASS">
          <reporter-output>
          </reporter-output>
        </test-method> <!-- aftermethod -->
        <test-method is-config="true" signature="afterclass()[pri:0, instance:psh.Testing@59fd97a8]" started-at="2023-01-18T16:48:24 IST" name="afterclass" finished-at="2023-01-18T16:48:24 IST" duration-ms="1" status="PASS">
          <reporter-output>
          </reporter-output>
        </test-method> <!-- afterclass -->
        <test-method is-config="true" signature="aftertest()[pri:0, instance:psh.Testing@59fd97a8]" started-at="2023-01-18T16:48:24 IST" name="aftertest" finished-at="2023-01-18T16:48:25 IST" duration-ms="738" status="PASS">
          <reporter-output>
          </reporter-output>
        </test-method> <!-- aftertest -->
      </class> <!-- psh.Testing -->
    </test> <!-- EdgeTest -->
  </suite> <!-- Suite -->
</testng-results>
